<?xml version="1.0" encoding="UTF-8"?>
<testsuite name="arrow.core.examples.test.BasicTest" tests="4" skipped="0" failures="0" errors="0" timestamp="2023-02-13T17:19:07" hostname="Simons-MacBook-Pro.local" time="0.025">
  <properties/>
  <testcase name="ExampleBasic01" classname="arrow.core.examples.test.BasicTest" time="0.01"/>
  <testcase name="ExampleBasic02" classname="arrow.core.examples.test.BasicTest" time="0.001"/>
  <testcase name="ExampleBasic03" classname="arrow.core.examples.test.BasicTest" time="0.011"/>
  <testcase name="ExampleBasic04" classname="arrow.core.examples.test.BasicTest" time="0.001"/>
  <system-out><![CDATA[]]></system-out>
  <system-err><![CDATA[]]></system-err>
</testsuite>
